<?xml version="1.0" encoding="UTF-8"?>
<!-- Generated by org.testng.reporters.JUnitReportReporter -->
<testsuite name="addd.NewTest" tests="1" time="0.017" ignored="0" failures="0" timestamp="11 дек 2016 21:13:07 GMT" skipped="0" hostname="XTREME-VLRAA6MD" errors="0">
  <testcase name="testSum" time="0.017" classname="addd.NewTest"/>
</testsuite> <!-- addd.NewTest -->
