<?xml version="1.0" encoding="UTF-8"?>
<!-- Generated by org.testng.reporters.JUnitReportReporter -->
<testsuite name="BTree.BtreeTest" tests="1" time="0.064" ignored="66" failures="0" timestamp="14 бер. 2017 08:25:12 GMT" skipped="0" hostname="work_pc" errors="0">
  <testcase name="testIterator_many" time="0.064" classname="BTree.BtreeTest"/>
  <testcase name="test_del_root_nullL_manyR" classname="BTree.BtreeTest">
    <skipped/>
  </testcase> <!-- test_del_root_nullL_manyR -->
  <testcase name="test_del_isR_is_Chaild" classname="BTree.BtreeTest">
    <skipped/>
  </testcase> <!-- test_del_isR_is_Chaild -->
  <testcase name="testCountLeavs_2r" classname="BTree.BtreeTest">
    <skipped/>
  </testcase> <!-- testCountLeavs_2r -->
  <testcase name="testSize_null" classname="BTree.BtreeTest">
    <skipped/>
  </testcase> <!-- testSize_null -->
  <testcase name="test_del_L_nullL_end_1R_end" classname="BTree.BtreeTest">
    <skipped/>
  </testcase> <!-- test_del_L_nullL_end_1R_end -->
  <testcase name="testWidth_2" classname="BTree.BtreeTest">
    <skipped/>
  </testcase> <!-- testWidth_2 -->
  <testcase name="test_del_R_nullR_end_nullL_end" classname="BTree.BtreeTest">
    <skipped/>
  </testcase> <!-- test_del_R_nullR_end_nullL_end -->
  <testcase name="testWidth_0" classname="BTree.BtreeTest">
    <skipped/>
  </testcase> <!-- testWidth_0 -->
  <testcase name="testWidth_1" classname="BTree.BtreeTest">
    <skipped/>
  </testcase> <!-- testWidth_1 -->
  <testcase name="test_del_40_isR_not_Chaild" classname="BTree.BtreeTest">
    <skipped/>
  </testcase> <!-- test_del_40_isR_not_Chaild -->
  <testcase name="testHeigth_Null" classname="BTree.BtreeTest">
    <skipped/>
  </testcase> <!-- testHeigth_Null -->
  <testcase name="test_del_root_isR_not_Chaild" classname="BTree.BtreeTest">
    <skipped/>
  </testcase> <!-- test_del_root_isR_not_Chaild -->
  <testcase name="test_del_root_isR_node_is_Chaild" classname="BTree.BtreeTest">
    <skipped/>
  </testcase> <!-- test_del_root_isR_node_is_Chaild -->
  <testcase name="testWidth_many" classname="BTree.BtreeTest">
    <skipped/>
  </testcase> <!-- testWidth_many -->
  <testcase name="testInit_Many" classname="BTree.BtreeTest">
    <skipped/>
  </testcase> <!-- testInit_Many -->
  <testcase name="testToArray_Many" classname="BTree.BtreeTest">
    <skipped/>
  </testcase> <!-- testToArray_Many -->
  <testcase name="test_del_root_1L_1R" classname="BTree.BtreeTest">
    <skipped/>
  </testcase> <!-- test_del_root_1L_1R -->
  <testcase name="test_del_40_isR_is_Chaild" classname="BTree.BtreeTest">
    <skipped/>
  </testcase> <!-- test_del_40_isR_is_Chaild -->
  <testcase name="testCountNodes_2l" classname="BTree.BtreeTest">
    <skipped/>
  </testcase> <!-- testCountNodes_2l -->
  <testcase name="testAdd_Many" classname="BTree.BtreeTest">
    <skipped/>
  </testcase> <!-- testAdd_Many -->
  <testcase name="testCountNodes_0" classname="BTree.BtreeTest">
    <skipped/>
  </testcase> <!-- testCountNodes_0 -->
  <testcase name="testCountNodes_1" classname="BTree.BtreeTest">
    <skipped/>
  </testcase> <!-- testCountNodes_1 -->
  <testcase name="testAdd_0" classname="BTree.BtreeTest">
    <skipped/>
  </testcase> <!-- testAdd_0 -->
  <testcase name="test_del_L_nullR_end_nullL_end" classname="BTree.BtreeTest">
    <skipped/>
  </testcase> <!-- test_del_L_nullR_end_nullL_end -->
  <testcase name="testAdd_2" classname="BTree.BtreeTest">
    <skipped/>
  </testcase> <!-- testAdd_2 -->
  <testcase name="testToArray_2" classname="BTree.BtreeTest">
    <skipped/>
  </testcase> <!-- testToArray_2 -->
  <testcase name="testAdd_1" classname="BTree.BtreeTest">
    <skipped/>
  </testcase> <!-- testAdd_1 -->
  <testcase name="testToArray_0" classname="BTree.BtreeTest">
    <skipped/>
  </testcase> <!-- testToArray_0 -->
  <testcase name="test_del_empty" classname="BTree.BtreeTest">
    <skipped/>
  </testcase> <!-- test_del_empty -->
  <testcase name="testCountLeafs_Null" classname="BTree.BtreeTest">
    <skipped/>
  </testcase> <!-- testCountLeafs_Null -->
  <testcase name="testToArray_1" classname="BTree.BtreeTest">
    <skipped/>
  </testcase> <!-- testToArray_1 -->
  <testcase name="testCountLeavs_Many" classname="BTree.BtreeTest">
    <skipped/>
  </testcase> <!-- testCountLeavs_Many -->
  <testcase name="testToArray_Null" classname="BTree.BtreeTest">
    <skipped/>
  </testcase> <!-- testToArray_Null -->
  <testcase name="testCountNodes_2r" classname="BTree.BtreeTest">
    <skipped/>
  </testcase> <!-- testCountNodes_2r -->
  <testcase name="testHeigth_0" classname="BTree.BtreeTest">
    <skipped/>
  </testcase> <!-- testHeigth_0 -->
  <testcase name="testHeigth_2" classname="BTree.BtreeTest">
    <skipped/>
  </testcase> <!-- testHeigth_2 -->
  <testcase name="test_del_root_1L" classname="BTree.BtreeTest">
    <skipped/>
  </testcase> <!-- test_del_root_1L -->
  <testcase name="testSize_0" classname="BTree.BtreeTest">
    <skipped/>
  </testcase> <!-- testSize_0 -->
  <testcase name="testCountNodes_Many" classname="BTree.BtreeTest">
    <skipped/>
  </testcase> <!-- testCountNodes_Many -->
  <testcase name="testToString_Null" classname="BTree.BtreeTest">
    <skipped/>
  </testcase> <!-- testToString_Null -->
  <testcase name="testSize_1" classname="BTree.BtreeTest">
    <skipped/>
  </testcase> <!-- testSize_1 -->
  <testcase name="testSize_2" classname="BTree.BtreeTest">
    <skipped/>
  </testcase> <!-- testSize_2 -->
  <testcase name="test_del_isR_not_Chaild" classname="BTree.BtreeTest">
    <skipped/>
  </testcase> <!-- test_del_isR_not_Chaild -->
  <testcase name="test_del_root" classname="BTree.BtreeTest">
    <skipped/>
  </testcase> <!-- test_del_root -->
  <testcase name="test_del_root_1R" classname="BTree.BtreeTest">
    <skipped/>
  </testcase> <!-- test_del_root_1R -->
  <testcase name="test_del_many1" classname="BTree.BtreeTest">
    <skipped/>
  </testcase> <!-- test_del_many1 -->
  <testcase name="testHeigth_1" classname="BTree.BtreeTest">
    <skipped/>
  </testcase> <!-- testHeigth_1 -->
  <testcase name="test_del_many2" classname="BTree.BtreeTest">
    <skipped/>
  </testcase> <!-- test_del_many2 -->
  <testcase name="test_del_root_nullR_manyl" classname="BTree.BtreeTest">
    <skipped/>
  </testcase> <!-- test_del_root_nullR_manyl -->
  <testcase name="testWidth_Null" classname="BTree.BtreeTest">
    <skipped/>
  </testcase> <!-- testWidth_Null -->
  <testcase name="testToString_0" classname="BTree.BtreeTest">
    <skipped/>
  </testcase> <!-- testToString_0 -->
  <testcase name="testInit_Null" classname="BTree.BtreeTest">
    <skipped/>
  </testcase> <!-- testInit_Null -->
  <testcase name="testCountNodes_Null" classname="BTree.BtreeTest">
    <skipped/>
  </testcase> <!-- testCountNodes_Null -->
  <testcase name="test_del_root_manyR_manyl_not_Rnode" classname="BTree.BtreeTest">
    <skipped/>
  </testcase> <!-- test_del_root_manyR_manyl_not_Rnode -->
  <testcase name="testSize_Many" classname="BTree.BtreeTest">
    <skipped/>
  </testcase> <!-- testSize_Many -->
  <testcase name="testCountLeafs_2l" classname="BTree.BtreeTest">
    <skipped/>
  </testcase> <!-- testCountLeafs_2l -->
  <testcase name="testInit_1" classname="BTree.BtreeTest">
    <skipped/>
  </testcase> <!-- testInit_1 -->
  <testcase name="testCountLeafs_1" classname="BTree.BtreeTest">
    <skipped/>
  </testcase> <!-- testCountLeafs_1 -->
  <testcase name="testCountLeafs_0" classname="BTree.BtreeTest">
    <skipped/>
  </testcase> <!-- testCountLeafs_0 -->
  <testcase name="test_del_L_nullR_end_1L_end" classname="BTree.BtreeTest">
    <skipped/>
  </testcase> <!-- test_del_L_nullR_end_1L_end -->
  <testcase name="testInit_2" classname="BTree.BtreeTest">
    <skipped/>
  </testcase> <!-- testInit_2 -->
  <testcase name="testToString_Many" classname="BTree.BtreeTest">
    <skipped/>
  </testcase> <!-- testToString_Many -->
  <testcase name="testHeigth_many" classname="BTree.BtreeTest">
    <skipped/>
  </testcase> <!-- testHeigth_many -->
  <testcase name="testInit_0" classname="BTree.BtreeTest">
    <skipped/>
  </testcase> <!-- testInit_0 -->
  <testcase name="testToString_2" classname="BTree.BtreeTest">
    <skipped/>
  </testcase> <!-- testToString_2 -->
  <testcase name="testToString_1" classname="BTree.BtreeTest">
    <skipped/>
  </testcase> <!-- testToString_1 -->
</testsuite> <!-- BTree.BtreeTest -->
