<?xml version="1.0" encoding="UTF-8"?>
<!-- Generated by org.testng.reporters.JUnitReportReporter -->
<testsuite name="LBTree.LBtreeTest" tests="66" time="0.125" ignored="0" failures="0" timestamp="03 бер. 2017 14:51:28 GMT" skipped="0" hostname="work_pc" errors="0">
  <testcase name="testCountLeavs_2r" time="0.002" classname="LBTree.LBtreeTest"/>
  <testcase name="testInit_0" time="0.002" classname="LBTree.LBtreeTest"/>
  <testcase name="testToString_Null" time="0.002" classname="LBTree.LBtreeTest"/>
  <testcase name="testWidth_2" time="0.001" classname="LBTree.LBtreeTest"/>
  <testcase name="testSize_0" time="0.002" classname="LBTree.LBtreeTest"/>
  <testcase name="test_del_many2" time="0.001" classname="LBTree.LBtreeTest"/>
  <testcase name="testCountNodes_2r" time="0.001" classname="LBTree.LBtreeTest"/>
  <testcase name="testToString_2" time="0.001" classname="LBTree.LBtreeTest"/>
  <testcase name="test_del_root" time="0.000" classname="LBTree.LBtreeTest"/>
  <testcase name="test_del_many1" time="0.001" classname="LBTree.LBtreeTest"/>
  <testcase name="test_del_40_isR_not_Chaild" time="0.001" classname="LBTree.LBtreeTest"/>
  <testcase name="testHeigth_0" time="0.001" classname="LBTree.LBtreeTest"/>
  <testcase name="testToArray_Null" time="0.001" classname="LBTree.LBtreeTest"/>
  <testcase name="testCountLeafs_1" time="0.002" classname="LBTree.LBtreeTest"/>
  <testcase name="test_del_root_1R" time="0.001" classname="LBTree.LBtreeTest"/>
  <testcase name="test_del_40_isR_is_Chaild" time="0.001" classname="LBTree.LBtreeTest"/>
  <testcase name="test_del_L_nullR_end_nullL_end" time="0.001" classname="LBTree.LBtreeTest"/>
  <testcase name="testInit_Null" time="0.001" classname="LBTree.LBtreeTest"/>
  <testcase name="testSize_2" time="0.001" classname="LBTree.LBtreeTest"/>
  <testcase name="testToArray_1" time="0.002" classname="LBTree.LBtreeTest"/>
  <testcase name="test_del_root_isR_not_Chaild" time="0.000" classname="LBTree.LBtreeTest"/>
  <testcase name="testToString_0" time="0.002" classname="LBTree.LBtreeTest"/>
  <testcase name="test_del_empty" time="0.002" classname="LBTree.LBtreeTest"/>
  <testcase name="testAdd_Many" time="0.004" classname="LBTree.LBtreeTest"/>
  <testcase name="test_del_root_nullR_manyl" time="0.001" classname="LBTree.LBtreeTest"/>
  <testcase name="testCountLeafs_0" time="0.002" classname="LBTree.LBtreeTest"/>
  <testcase name="test_del_isR_is_Chaild" time="0.002" classname="LBTree.LBtreeTest"/>
  <testcase name="testToString_Many" time="0.001" classname="LBTree.LBtreeTest"/>
  <testcase name="testSize_1" time="0.002" classname="LBTree.LBtreeTest"/>
  <testcase name="testCountNodes_Many" time="0.001" classname="LBTree.LBtreeTest"/>
  <testcase name="testInit_Many" time="0.002" classname="LBTree.LBtreeTest"/>
  <testcase name="test_del_root_1L" time="0.000" classname="LBTree.LBtreeTest"/>
  <testcase name="testWidth_Null" time="0.001" classname="LBTree.LBtreeTest"/>
  <testcase name="test_del_isR_not_Chaild" time="0.001" classname="LBTree.LBtreeTest"/>
  <testcase name="test_del_root_isR_node_is_Chaild" time="0.001" classname="LBTree.LBtreeTest"/>
  <testcase name="testCountLeafs_Null" time="0.001" classname="LBTree.LBtreeTest"/>
  <testcase name="testCountNodes_0" time="0.001" classname="LBTree.LBtreeTest"/>
  <testcase name="testToString_1" time="0.001" classname="LBTree.LBtreeTest"/>
  <testcase name="testCountLeavs_Many" time="0.002" classname="LBTree.LBtreeTest"/>
  <testcase name="testHeigth_many" time="0.002" classname="LBTree.LBtreeTest"/>
  <testcase name="testAdd_1" time="0.002" classname="LBTree.LBtreeTest"/>
  <testcase name="test_del_root_manyR_manyl_not_Rnode" time="0.000" classname="LBTree.LBtreeTest"/>
  <testcase name="testWidth_1" time="0.001" classname="LBTree.LBtreeTest"/>
  <testcase name="testAdd_2" time="0.002" classname="LBTree.LBtreeTest"/>
  <testcase name="testAdd_0" time="0.034" classname="LBTree.LBtreeTest"/>
  <testcase name="testWidth_many" time="0.001" classname="LBTree.LBtreeTest"/>
  <testcase name="testCountLeafs_2l" time="0.002" classname="LBTree.LBtreeTest"/>
  <testcase name="test_del_L_nullR_end_1L_end" time="0.002" classname="LBTree.LBtreeTest"/>
  <testcase name="testHeigth_1" time="0.002" classname="LBTree.LBtreeTest"/>
  <testcase name="testCountNodes_2l" time="0.002" classname="LBTree.LBtreeTest"/>
  <testcase name="testHeigth_2" time="0.002" classname="LBTree.LBtreeTest"/>
  <testcase name="testToArray_2" time="0.002" classname="LBTree.LBtreeTest"/>
  <testcase name="testWidth_0" time="0.001" classname="LBTree.LBtreeTest"/>
  <testcase name="test_del_L_nullL_end_1R_end" time="0.001" classname="LBTree.LBtreeTest"/>
  <testcase name="test_del_R_nullR_end_nullL_end" time="0.001" classname="LBTree.LBtreeTest"/>
  <testcase name="testToArray_0" time="0.001" classname="LBTree.LBtreeTest"/>
  <testcase name="testCountNodes_1" time="0.002" classname="LBTree.LBtreeTest"/>
  <testcase name="testInit_1" time="0.001" classname="LBTree.LBtreeTest"/>
  <testcase name="testCountNodes_Null" time="0.002" classname="LBTree.LBtreeTest"/>
  <testcase name="testSize_null" time="0.002" classname="LBTree.LBtreeTest"/>
  <testcase name="test_del_root_nullL_manyR" time="0.000" classname="LBTree.LBtreeTest"/>
  <testcase name="testInit_2" time="0.002" classname="LBTree.LBtreeTest"/>
  <testcase name="testToArray_Many" time="0.002" classname="LBTree.LBtreeTest"/>
  <testcase name="testHeigth_Null" time="0.002" classname="LBTree.LBtreeTest"/>
  <testcase name="testSize_Many" time="0.001" classname="LBTree.LBtreeTest"/>
  <testcase name="test_del_root_1L_1R" time="0.001" classname="LBTree.LBtreeTest"/>
</testsuite> <!-- LBTree.LBtreeTest -->
