<?xml version="1.0" encoding="UTF-8"?>
<!-- Generated by org.testng.reporters.JUnitReportReporter -->
<testsuite name="LikedList2.TestNG_Alist" tests="80" time="0.184" ignored="0" failures="0" timestamp="18 дек 2016 13:12:07 GMT" skipped="0" hostname="XTREME-VLRAA6MD" errors="0">
  <testcase name="testAddStart_iniArray_2_elem" time="0.010" classname="LikedList2.TestNG_Alist"/>
  <testcase name="testreverse_1" time="0.000" classname="LikedList2.TestNG_Alist"/>
  <testcase name="testMax_2_elem_inArray" time="0.010" classname="LikedList2.TestNG_Alist"/>
  <testcase name="testSort_2_el" time="0.001" classname="LikedList2.TestNG_Alist"/>
  <testcase name="testToString" time="0.003" classname="LikedList2.TestNG_Alist"/>
  <testcase name="testMin_2_elem_inArray" time="0.001" classname="LikedList2.TestNG_Alist"/>
  <testcase name="testaddPos_1_el" time="0.001" classname="LikedList2.TestNG_Alist"/>
  <testcase name="testdelPos_50" time="0.001" classname="LikedList2.TestNG_Alist"/>
  <testcase name="testhalfReverse_notEven" time="0.002" classname="LikedList2.TestNG_Alist"/>
  <testcase name="testdelPos" time="0.001" classname="LikedList2.TestNG_Alist"/>
  <testcase name="testSort" time="0.002" classname="LikedList2.TestNG_Alist"/>
  <testcase name="testaddPos_2_el" time="0.001" classname="LikedList2.TestNG_Alist"/>
  <testcase name="testaddPos_0_el" time="0.001" classname="LikedList2.TestNG_Alist"/>
  <testcase name="testToString_2_el" time="0.001" classname="LikedList2.TestNG_Alist"/>
  <testcase name="testminPos_ImptyArray" time="0.001" classname="LikedList2.TestNG_Alist"/>
  <testcase name="testGet_posit_eqal_m4" time="0.000" classname="LikedList2.TestNG_Alist"/>
  <testcase name="testSet_toStartPos_40" time="0.001" classname="LikedList2.TestNG_Alist"/>
  <testcase name="testdelStart_1_elem" time="0.001" classname="LikedList2.TestNG_Alist"/>
  <testcase name="testmaxPos" time="0.001" classname="LikedList2.TestNG_Alist"/>
  <testcase name="testhalfReverse_Even" time="0.002" classname="LikedList2.TestNG_Alist"/>
  <testcase name="testToString_1_el" time="0.002" classname="LikedList2.TestNG_Alist"/>
  <testcase name="test_mult_1" time="0.001" classname="LikedList2.TestNG_Alist"/>
  <testcase name="testMin_1_elem_inArray" time="0.013" classname="LikedList2.TestNG_Alist"/>
  <testcase name="testminPos_1_el" time="0.001" classname="LikedList2.TestNG_Alist"/>
  <testcase name="testSet_toEndPos" time="0.001" classname="LikedList2.TestNG_Alist"/>
  <testcase name="testdelEnd" time="0.001" classname="LikedList2.TestNG_Alist"/>
  <testcase name="testreverse_notEven" time="0.001" classname="LikedList2.TestNG_Alist"/>
  <testcase name="test_mult_many" time="0.001" classname="LikedList2.TestNG_Alist"/>
  <testcase name="testreverse_2" time="0.001" classname="LikedList2.TestNG_Alist"/>
  <testcase name="testreverse_0" time="0.001" classname="LikedList2.TestNG_Alist"/>
  <testcase name="testAddEnd_iniArray_2_elem" time="0.000" classname="LikedList2.TestNG_Alist"/>
  <testcase name="testdelEnd_iniArray_1_elem" time="0.001" classname="LikedList2.TestNG_Alist"/>
  <testcase name="testdelStart_0_elem" time="0.000" classname="LikedList2.TestNG_Alist"/>
  <testcase name="testdelStart" time="0.002" classname="LikedList2.TestNG_Alist"/>
  <testcase name="testAddStart" time="0.010" classname="LikedList2.TestNG_Alist"/>
  <testcase name="testaddPos" time="0.002" classname="LikedList2.TestNG_Alist"/>
  <testcase name="testSort_1_el" time="0.003" classname="LikedList2.TestNG_Alist"/>
  <testcase name="testSet" time="0.001" classname="LikedList2.TestNG_Alist"/>
  <testcase name="testGet_posit_eqal_40" time="0.000" classname="LikedList2.TestNG_Alist"/>
  <testcase name="testMin_0_elem_inArray" time="0.000" classname="LikedList2.TestNG_Alist"/>
  <testcase name="testminPos_2_elem" time="0.000" classname="LikedList2.TestNG_Alist"/>
  <testcase name="testaddPos_m5" time="0.001" classname="LikedList2.TestNG_Alist"/>
  <testcase name="testhalfReverse_2_el" time="0.003" classname="LikedList2.TestNG_Alist"/>
  <testcase name="testmaxPos_ImptyArray" time="0.001" classname="LikedList2.TestNG_Alist"/>
  <testcase name="testAddStart_iniArray_1_elem" time="0.000" classname="LikedList2.TestNG_Alist"/>
  <testcase name="testGet" time="0.000" classname="LikedList2.TestNG_Alist"/>
  <testcase name="testdelPos_1_el" time="0.001" classname="LikedList2.TestNG_Alist"/>
  <testcase name="testreverse_Even" time="0.006" classname="LikedList2.TestNG_Alist"/>
  <testcase name="testSet_toStartPos_m4" time="0.001" classname="LikedList2.TestNG_Alist"/>
  <testcase name="testAddStart_m30" time="0.000" classname="LikedList2.TestNG_Alist"/>
  <testcase name="testMax_1_elem_inArray" time="0.000" classname="LikedList2.TestNG_Alist"/>
  <testcase name="testAddEnd_iniArray_0_elem" time="0.000" classname="LikedList2.TestNG_Alist"/>
  <testcase name="testmaxPos_2_elem" time="0.001" classname="LikedList2.TestNG_Alist"/>
  <testcase name="testdelPos_m5" time="0.001" classname="LikedList2.TestNG_Alist"/>
  <testcase name="testSort_Empty_array" time="0.001" classname="LikedList2.TestNG_Alist"/>
  <testcase name="testAddEnd_iniArray_1_elem" time="0.000" classname="LikedList2.TestNG_Alist"/>
  <testcase name="testdelEnd_iniArray_2_elem" time="0.001" classname="LikedList2.TestNG_Alist"/>
  <testcase name="testAddEnd" time="0.030" classname="LikedList2.TestNG_Alist"/>
  <testcase name="testToString_0_el" time="0.002" classname="LikedList2.TestNG_Alist"/>
  <testcase name="testAddStart_iniArray_0_elem" time="0.010" classname="LikedList2.TestNG_Alist"/>
  <testcase name="test_mult_0" time="0.001" classname="LikedList2.TestNG_Alist"/>
  <testcase name="testMax" time="0.010" classname="LikedList2.TestNG_Alist"/>
  <testcase name="testGet_2_pos" time="0.010" classname="LikedList2.TestNG_Alist"/>
  <testcase name="testSet_toStartPos" time="0.001" classname="LikedList2.TestNG_Alist"/>
  <testcase name="test_mult_2" time="0.001" classname="LikedList2.TestNG_Alist"/>
  <testcase name="testSet_2_elem_inArray" time="0.001" classname="LikedList2.TestNG_Alist"/>
  <testcase name="testmaxPos_1_el" time="0.004" classname="LikedList2.TestNG_Alist"/>
  <testcase name="testGet_1_pos" time="0.000" classname="LikedList2.TestNG_Alist"/>
  <testcase name="testMin" time="0.000" classname="LikedList2.TestNG_Alist"/>
  <testcase name="testhalfReverse_0" time="0.001" classname="LikedList2.TestNG_Alist"/>
  <testcase name="testSet_1_elem_inArray" time="0.006" classname="LikedList2.TestNG_Alist"/>
  <testcase name="testdelEnd_iniArray_0_elem" time="0.001" classname="LikedList2.TestNG_Alist"/>
  <testcase name="testdelStart_2_elem" time="0.000" classname="LikedList2.TestNG_Alist"/>
  <testcase name="testminPos" time="0.001" classname="LikedList2.TestNG_Alist"/>
  <testcase name="testdelPos_2_el" time="0.001" classname="LikedList2.TestNG_Alist"/>
  <testcase name="testdelPos_0_el" time="0.001" classname="LikedList2.TestNG_Alist"/>
  <testcase name="testMax_0_elem_inArray" time="0.000" classname="LikedList2.TestNG_Alist"/>
  <testcase name="testSet_0_elem_inArray" time="0.001" classname="LikedList2.TestNG_Alist"/>
  <testcase name="testaddPos_50" time="0.001" classname="LikedList2.TestNG_Alist"/>
  <testcase name="testhalfReverse_1_el" time="0.001" classname="LikedList2.TestNG_Alist"/>
</testsuite> <!-- LikedList2.TestNG_Alist -->
